This file contains any messages produced by compilers while
running configure, to aid debugging if configure makes a mistake.

It was created by little_cpp11 configure 0.1, which was
generated by GNU Autoconf 2.68.  Invocation command line was

  $ ./configure --no-create --no-recursion

## --------- ##
## Platform. ##
## --------- ##

hostname = pchw3492.ferag.com
uname -m = x86_64
uname -r = 2.6.41.9-1.fc15.x86_64
uname -s = Linux
uname -v = #1 SMP Fri Jan 13 16:46:51 UTC 2012

/usr/bin/uname -p = unknown
/bin/uname -X     = unknown

/bin/arch              = x86_64
/usr/bin/arch -k       = unknown
/usr/convex/getsysinfo = unknown
/usr/bin/hostinfo      = unknown
/bin/machine           = unknown
/usr/bin/oslevel       = unknown
/bin/universe          = unknown

PATH: /usr/local/bin
PATH: /usr/lib64/qt-3.3/bin
PATH: /usr/lib64/ccache
PATH: /usr/local/bin
PATH: /usr/bin
PATH: /bin
PATH: /usr/local/sbin
PATH: /usr/sbin
PATH: /sbin
PATH: /usr/lib64/alliance/bin
PATH: /home/Kaec/.cabal/bin
PATH: /home/Kaec/bin
PATH: /home/Kaec/bin
PATH: /home/Kaec/bin
PATH: /usr/local/chrigipack/bin
PATH: /home/Kaec/Ressourcen/progs
PATH: /usr/lib64/alliance/bin
PATH: /home/Kaec/bin


## ----------- ##
## Core tests. ##
## ----------- ##

configure:1808: checking for a BSD-compatible install
configure:1876: result: /usr/bin/install -c
configure:1887: checking whether build environment is sane
configure:1937: result: yes
configure:2078: checking for a thread-safe mkdir -p
configure:2117: result: /bin/mkdir -p
configure:2130: checking for gawk
configure:2146: found /usr/bin/gawk
configure:2157: result: gawk
configure:2168: checking whether make sets $(MAKE)
configure:2190: result: yes
configure:2330: checking for g++
configure:2346: found /usr/lib64/ccache/g++
configure:2357: result: g++
configure:2384: checking for C++ compiler version
configure:2393: g++ --version >&5
g++ (GCC) 4.6.1 20110908 (Red Hat 4.6.1-9)
Copyright (C) 2011 Free Software Foundation, Inc.
This is free software; see the source for copying conditions.  There is NO
warranty; not even for MERCHANTABILITY or FITNESS FOR A PARTICULAR PURPOSE.

configure:2404: $? = 0
configure:2393: g++ -v >&5
Using built-in specs.
COLLECT_GCC=/usr/bin/g++
COLLECT_LTO_WRAPPER=/usr/libexec/gcc/x86_64-redhat-linux/4.6.1/lto-wrapper
Target: x86_64-redhat-linux
Configured with: ../configure --prefix=/usr --mandir=/usr/share/man --infodir=/usr/share/info --with-bugurl=http://bugzilla.redhat.com/bugzilla --enable-bootstrap --enable-shared --enable-threads=posix --enable-checking=release --with-system-zlib --enable-__cxa_atexit --disable-libunwind-exceptions --enable-gnu-unique-object --enable-linker-build-id --enable-languages=c,c++,objc,obj-c++,java,fortran,ada,go,lto --enable-plugin --enable-java-awt=gtk --disable-dssi --with-java-home=/usr/lib/jvm/java-1.5.0-gcj-1.5.0.0/jre --enable-libgcj-multifile --enable-java-maintainer-mode --with-ecj-jar=/usr/share/java/eclipse-ecj.jar --disable-libjava-multilib --with-ppl --with-cloog --with-tune=generic --with-arch_32=i686 --build=x86_64-redhat-linux
Thread model: posix
gcc version 4.6.1 20110908 (Red Hat 4.6.1-9) (GCC) 
configure:2404: $? = 0
configure:2393: g++ -V >&5
g++: error: unrecognized option '-V'
g++: fatal error: no input files
compilation terminated.
configure:2404: $? = 4
configure:2393: g++ -qversion >&5
g++: error: unrecognized option '-qversion'
g++: fatal error: no input files
compilation terminated.
configure:2404: $? = 4
configure:2424: checking whether the C++ compiler works
configure:2446: g++    conftest.cpp  >&5
configure:2450: $? = 0
configure:2498: result: yes
configure:2501: checking for C++ compiler default output file name
configure:2503: result: a.out
configure:2509: checking for suffix of executables
configure:2516: g++ -o conftest    conftest.cpp  >&5
configure:2520: $? = 0
configure:2542: result: 
configure:2564: checking whether we are cross compiling
configure:2572: g++ -o conftest    conftest.cpp  >&5
configure:2576: $? = 0
configure:2583: ./conftest
configure:2587: $? = 0
configure:2602: result: no
configure:2607: checking for suffix of object files
configure:2629: g++ -c   conftest.cpp >&5
configure:2633: $? = 0
configure:2654: result: o
configure:2658: checking whether we are using the GNU C++ compiler
configure:2677: g++ -c   conftest.cpp >&5
configure:2677: $? = 0
configure:2686: result: yes
configure:2695: checking whether g++ accepts -g
configure:2715: g++ -c -g  conftest.cpp >&5
configure:2715: $? = 0
configure:2756: result: yes
configure:2790: checking for style of include used by make
configure:2818: result: GNU
configure:2843: checking dependency style of g++
configure:2953: result: gcc3
configure:3108: creating ./config.status

## ---------------- ##
## Cache variables. ##
## ---------------- ##

ac_cv_cxx_compiler_gnu=yes
ac_cv_env_CCC_set=
ac_cv_env_CCC_value=
ac_cv_env_CPPFLAGS_set=
ac_cv_env_CPPFLAGS_value=
ac_cv_env_CXXFLAGS_set=
ac_cv_env_CXXFLAGS_value=
ac_cv_env_CXX_set=
ac_cv_env_CXX_value=
ac_cv_env_LDFLAGS_set=
ac_cv_env_LDFLAGS_value=
ac_cv_env_LIBS_set=
ac_cv_env_LIBS_value=
ac_cv_env_build_alias_set=
ac_cv_env_build_alias_value=
ac_cv_env_host_alias_set=
ac_cv_env_host_alias_value=
ac_cv_env_target_alias_set=
ac_cv_env_target_alias_value=
ac_cv_objext=o
ac_cv_path_install='/usr/bin/install -c'
ac_cv_path_mkdir=/bin/mkdir
ac_cv_prog_AWK=gawk
ac_cv_prog_ac_ct_CXX=g++
ac_cv_prog_cxx_g=yes
ac_cv_prog_make_make_set=yes
am_cv_CXX_dependencies_compiler_type=gcc3

## ----------------- ##
## Output variables. ##
## ----------------- ##

ACLOCAL='${SHELL} /home/Kaec/Ressourcen/git_repos_explicit/student_code_zone/cpp/missing --run aclocal-1.11'
AMDEPBACKSLASH='\'
AMDEP_FALSE='#'
AMDEP_TRUE=''
AMTAR='${SHELL} /home/Kaec/Ressourcen/git_repos_explicit/student_code_zone/cpp/missing --run tar'
AUTOCONF='${SHELL} /home/Kaec/Ressourcen/git_repos_explicit/student_code_zone/cpp/missing --run autoconf'
AUTOHEADER='${SHELL} /home/Kaec/Ressourcen/git_repos_explicit/student_code_zone/cpp/missing --run autoheader'
AUTOMAKE='${SHELL} /home/Kaec/Ressourcen/git_repos_explicit/student_code_zone/cpp/missing --run automake-1.11'
AWK='gawk'
CPPFLAGS=''
CXX='g++'
CXXDEPMODE='depmode=gcc3'
CXXFLAGS='-g -O2'
CYGPATH_W='echo'
DEFS='-DHAVE_CONFIG_H'
DEPDIR='.deps'
ECHO_C=''
ECHO_N='-n'
ECHO_T=''
EXEEXT=''
INSTALL_DATA='${INSTALL} -m 644'
INSTALL_PROGRAM='${INSTALL}'
INSTALL_SCRIPT='${INSTALL}'
INSTALL_STRIP_PROGRAM='$(install_sh) -c -s'
LDFLAGS=''
LIBOBJS=''
LIBS=''
LTLIBOBJS=''
MAKEINFO='${SHELL} /home/Kaec/Ressourcen/git_repos_explicit/student_code_zone/cpp/missing --run makeinfo'
MKDIR_P='/bin/mkdir -p'
OBJEXT='o'
PACKAGE='little_cpp11'
PACKAGE_BUGREPORT='david.daniel@students.ffhs.ch'
PACKAGE_NAME='little_cpp11'
PACKAGE_STRING='little_cpp11 0.1'
PACKAGE_TARNAME='little_cpp11'
PACKAGE_URL=''
PACKAGE_VERSION='0.1'
PATH_SEPARATOR=':'
SET_MAKE=''
SHELL='/bin/sh'
STRIP=''
VERSION='0.1'
ac_ct_CXX='g++'
am__EXEEXT_FALSE=''
am__EXEEXT_TRUE='#'
am__fastdepCXX_FALSE='#'
am__fastdepCXX_TRUE=''
am__include='include'
am__isrc=''
am__leading_dot='.'
am__quote=''
am__tar='${AMTAR} chof - "$$tardir"'
am__untar='${AMTAR} xf -'
bindir='${exec_prefix}/bin'
build_alias=''
datadir='${datarootdir}'
datarootdir='${prefix}/share'
docdir='${datarootdir}/doc/${PACKAGE_TARNAME}'
dvidir='${docdir}'
exec_prefix='${prefix}'
host_alias=''
htmldir='${docdir}'
includedir='${prefix}/include'
infodir='${datarootdir}/info'
install_sh='${SHELL} /home/Kaec/Ressourcen/git_repos_explicit/student_code_zone/cpp/install-sh'
libdir='${exec_prefix}/lib'
libexecdir='${exec_prefix}/libexec'
localedir='${datarootdir}/locale'
localstatedir='${prefix}/var'
mandir='${datarootdir}/man'
mkdir_p='/bin/mkdir -p'
oldincludedir='/usr/include'
pdfdir='${docdir}'
prefix='/usr/local'
program_transform_name='s,x,x,'
psdir='${docdir}'
sbindir='${exec_prefix}/sbin'
sharedstatedir='${prefix}/com'
sysconfdir='${prefix}/etc'
target_alias=''

## ----------- ##
## confdefs.h. ##
## ----------- ##

/* confdefs.h */
#define PACKAGE_NAME "little_cpp11"
#define PACKAGE_TARNAME "little_cpp11"
#define PACKAGE_VERSION "0.1"
#define PACKAGE_STRING "little_cpp11 0.1"
#define PACKAGE_BUGREPORT "david.daniel@students.ffhs.ch"
#define PACKAGE_URL ""
#define PACKAGE "little_cpp11"
#define VERSION "0.1"

configure: exit 0

## ---------------------- ##
## Running config.status. ##
## ---------------------- ##

This file was extended by little_cpp11 config.status 0.1, which was
generated by GNU Autoconf 2.68.  Invocation command line was

  CONFIG_FILES    = 
  CONFIG_HEADERS  = 
  CONFIG_LINKS    = 
  CONFIG_COMMANDS = 
  $ ./config.status 

on pchw3492.ferag.com

config.status:847: creating src/Makefile
config.status:847: creating Makefile
config.status:847: creating config.h
config.status:1028: config.h is unchanged
config.status:1076: executing depfiles commands

## ---------------------- ##
## Running config.status. ##
## ---------------------- ##

This file was extended by little_cpp11 config.status 0.1, which was
generated by GNU Autoconf 2.68.  Invocation command line was

  CONFIG_FILES    = 
  CONFIG_HEADERS  = 
  CONFIG_LINKS    = 
  CONFIG_COMMANDS = 
  $ ./config.status config.h

on pchw3492.ferag.com

config.status:847: creating config.h
config.status:1028: config.h is unchanged
